<?xml version="1.0" encoding="UTF-8"?>
<!-- Generated by org.testng.reporters.JUnitReportReporter -->
<testsuite hostname="DESKTOP-F68MLNQ" failures="0" tests="4" name="ApiTest.ApiDemo.RestApiTests" time="4.806" errors="0" timestamp="2020-12-23T19:04:26 IST" skipped="0">
  <testcase classname="ApiTest.ApiDemo.RestApiTests" name="deleteDemo" time="2.826"/>
  <system-out/>
  <testcase classname="ApiTest.ApiDemo.RestApiTests" name="getDemo" time="0.425"/>
  <system-out/>
  <testcase classname="ApiTest.ApiDemo.RestApiTests" name="putDemo" time="0.591"/>
  <system-out/>
  <testcase classname="ApiTest.ApiDemo.RestApiTests" name="postDemo" time="0.964"/>
  <system-out/>
</testsuite> <!-- ApiTest.ApiDemo.RestApiTests -->
