<?xml version="1.0" encoding="UTF-8"?>
<!-- Generated by org.testng.reporters.JUnitReportReporter -->
<testsuite hostname="DESKTOP-F68MLNQ" failures="0" tests="4" name="ApiTest.ApiDemo.RestApiDemo" time="8.747" errors="0" timestamp="2020-12-23T18:53:44 IST" skipped="0">
  <testcase classname="ApiTest.ApiDemo.RestApiDemo" name="putDemo" time="0.784"/>
  <system-out/>
  <testcase classname="ApiTest.ApiDemo.RestApiDemo" name="deleteDemo" time="6.059"/>
  <system-out/>
  <testcase classname="ApiTest.ApiDemo.RestApiDemo" name="postDemo" time="0.937"/>
  <system-out/>
  <testcase classname="ApiTest.ApiDemo.RestApiDemo" name="getDemo" time="0.967"/>
  <system-out/>
</testsuite> <!-- ApiTest.ApiDemo.RestApiDemo -->
